This file contains any messages produced by compilers while
running configure, to aid debugging if configure makes a mistake.

It was created by quip configure 1.1.8, which was
generated by GNU Autoconf 2.69.  Invocation command line was

  $ ./configure 

## --------- ##
## Platform. ##
## --------- ##

hostname = morteza
uname -m = x86_64
uname -r = 4.10.0-35-generic
uname -s = Linux
uname -v = #39-Ubuntu SMP Wed Sep 13 07:46:59 UTC 2017

/usr/bin/uname -p = unknown
/bin/uname -X     = unknown

/bin/arch              = unknown
/usr/bin/arch -k       = unknown
/usr/convex/getsysinfo = unknown
/usr/bin/hostinfo      = unknown
/bin/machine           = unknown
/usr/bin/oslevel       = unknown
/bin/universe          = unknown

PATH: /usr/local/sbin
PATH: /usr/local/bin
PATH: /usr/sbin
PATH: /usr/bin
PATH: /sbin
PATH: /bin
PATH: /usr/games
PATH: /usr/local/games
PATH: /snap/bin
PATH: /snap/bin


## ----------- ##
## Core tests. ##
## ----------- ##

configure:2442: checking for a BSD-compatible install
configure:2510: result: /usr/bin/install -c
configure:2521: checking whether build environment is sane
configure:2576: result: yes
configure:2614: WARNING: 'missing' script is too old or missing
configure:2727: checking for a thread-safe mkdir -p
configure:2766: result: /bin/mkdir -p
configure:2773: checking for gawk
configure:2803: result: no
configure:2773: checking for mawk
configure:2789: found /usr/bin/mawk
configure:2800: result: mawk
configure:2811: checking whether make sets $(MAKE)
configure:2833: result: yes
configure:2862: checking whether make supports nested variables
configure:2879: result: yes
configure:3015: checking whether make supports nested variables
configure:3032: result: yes
configure:3094: checking for gcc
configure:3110: found /usr/bin/gcc
configure:3121: result: gcc
configure:3350: checking for C compiler version
configure:3359: gcc --version >&5
gcc (Ubuntu 6.3.0-12ubuntu2) 6.3.0 20170406
Copyright (C) 2016 Free Software Foundation, Inc.
This is free software; see the source for copying conditions.  There is NO
warranty; not even for MERCHANTABILITY or FITNESS FOR A PARTICULAR PURPOSE.

configure:3370: $? = 0
configure:3359: gcc -v >&5
Using built-in specs.
COLLECT_GCC=gcc
COLLECT_LTO_WRAPPER=/usr/lib/gcc/x86_64-linux-gnu/6/lto-wrapper
Target: x86_64-linux-gnu
Configured with: ../src/configure -v --with-pkgversion='Ubuntu 6.3.0-12ubuntu2' --with-bugurl=file:///usr/share/doc/gcc-6/README.Bugs --enable-languages=c,ada,c++,java,go,d,fortran,objc,obj-c++ --prefix=/usr --program-suffix=-6 --program-prefix=x86_64-linux-gnu- --enable-shared --enable-linker-build-id --libexecdir=/usr/lib --without-included-gettext --enable-threads=posix --libdir=/usr/lib --enable-nls --with-sysroot=/ --enable-clocale=gnu --enable-libstdcxx-debug --enable-libstdcxx-time=yes --with-default-libstdcxx-abi=new --enable-gnu-unique-object --disable-vtable-verify --enable-libmpx --enable-plugin --enable-default-pie --with-system-zlib --disable-browser-plugin --enable-java-awt=gtk --enable-gtk-cairo --with-java-home=/usr/lib/jvm/java-1.5.0-gcj-6-amd64/jre --enable-java-home --with-jvm-root-dir=/usr/lib/jvm/java-1.5.0-gcj-6-amd64 --with-jvm-jar-dir=/usr/lib/jvm-exports/java-1.5.0-gcj-6-amd64 --with-arch-directory=amd64 --with-ecj-jar=/usr/share/java/eclipse-ecj.jar --with-target-system-zlib --enable-objc-gc=auto --enable-multiarch --disable-werror --with-arch-32=i686 --with-abi=m64 --with-multilib-list=m32,m64,mx32 --enable-multilib --with-tune=generic --enable-checking=release --build=x86_64-linux-gnu --host=x86_64-linux-gnu --target=x86_64-linux-gnu
Thread model: posix
gcc version 6.3.0 20170406 (Ubuntu 6.3.0-12ubuntu2) 
configure:3370: $? = 0
configure:3359: gcc -V >&5
gcc: error: unrecognized command line option '-V'
gcc: fatal error: no input files
compilation terminated.
configure:3370: $? = 1
configure:3359: gcc -qversion >&5
gcc: error: unrecognized command line option '-qversion'; did you mean '--version'?
gcc: fatal error: no input files
compilation terminated.
configure:3370: $? = 1
configure:3390: checking whether the C compiler works
configure:3412: gcc    conftest.c  >&5
configure:3416: $? = 0
configure:3464: result: yes
configure:3467: checking for C compiler default output file name
configure:3469: result: a.out
configure:3475: checking for suffix of executables
configure:3482: gcc -o conftest    conftest.c  >&5
configure:3486: $? = 0
configure:3508: result: 
configure:3530: checking whether we are cross compiling
configure:3538: gcc -o conftest    conftest.c  >&5
configure:3542: $? = 0
configure:3549: ./conftest
configure:3553: $? = 0
configure:3568: result: no
configure:3573: checking for suffix of object files
configure:3595: gcc -c   conftest.c >&5
configure:3599: $? = 0
configure:3620: result: o
configure:3624: checking whether we are using the GNU C compiler
configure:3643: gcc -c   conftest.c >&5
configure:3643: $? = 0
configure:3652: result: yes
configure:3661: checking whether gcc accepts -g
configure:3681: gcc -c -g  conftest.c >&5
configure:3681: $? = 0
configure:3722: result: yes
configure:3739: checking for gcc option to accept ISO C89
configure:3802: gcc  -c -g -O2  conftest.c >&5
configure:3802: $? = 0
configure:3815: result: none needed
configure:3840: checking whether gcc understands -c and -o together
configure:3862: gcc -c conftest.c -o conftest2.o
configure:3865: $? = 0
configure:3862: gcc -c conftest.c -o conftest2.o
configure:3865: $? = 0
configure:3877: result: yes
configure:3905: checking for style of include used by make
configure:3933: result: GNU
configure:3959: checking dependency style of gcc
configure:4070: result: gcc3
configure:4143: checking for g++
configure:4159: found /usr/bin/g++
configure:4170: result: g++
configure:4197: checking for C++ compiler version
configure:4206: g++ --version >&5
g++ (Ubuntu 6.3.0-12ubuntu2) 6.3.0 20170406
Copyright (C) 2016 Free Software Foundation, Inc.
This is free software; see the source for copying conditions.  There is NO
warranty; not even for MERCHANTABILITY or FITNESS FOR A PARTICULAR PURPOSE.

configure:4217: $? = 0
configure:4206: g++ -v >&5
Using built-in specs.
COLLECT_GCC=g++
COLLECT_LTO_WRAPPER=/usr/lib/gcc/x86_64-linux-gnu/6/lto-wrapper
Target: x86_64-linux-gnu
Configured with: ../src/configure -v --with-pkgversion='Ubuntu 6.3.0-12ubuntu2' --with-bugurl=file:///usr/share/doc/gcc-6/README.Bugs --enable-languages=c,ada,c++,java,go,d,fortran,objc,obj-c++ --prefix=/usr --program-suffix=-6 --program-prefix=x86_64-linux-gnu- --enable-shared --enable-linker-build-id --libexecdir=/usr/lib --without-included-gettext --enable-threads=posix --libdir=/usr/lib --enable-nls --with-sysroot=/ --enable-clocale=gnu --enable-libstdcxx-debug --enable-libstdcxx-time=yes --with-default-libstdcxx-abi=new --enable-gnu-unique-object --disable-vtable-verify --enable-libmpx --enable-plugin --enable-default-pie --with-system-zlib --disable-browser-plugin --enable-java-awt=gtk --enable-gtk-cairo --with-java-home=/usr/lib/jvm/java-1.5.0-gcj-6-amd64/jre --enable-java-home --with-jvm-root-dir=/usr/lib/jvm/java-1.5.0-gcj-6-amd64 --with-jvm-jar-dir=/usr/lib/jvm-exports/java-1.5.0-gcj-6-amd64 --with-arch-directory=amd64 --with-ecj-jar=/usr/share/java/eclipse-ecj.jar --with-target-system-zlib --enable-objc-gc=auto --enable-multiarch --disable-werror --with-arch-32=i686 --with-abi=m64 --with-multilib-list=m32,m64,mx32 --enable-multilib --with-tune=generic --enable-checking=release --build=x86_64-linux-gnu --host=x86_64-linux-gnu --target=x86_64-linux-gnu
Thread model: posix
gcc version 6.3.0 20170406 (Ubuntu 6.3.0-12ubuntu2) 
configure:4217: $? = 0
configure:4206: g++ -V >&5
g++: error: unrecognized command line option '-V'
g++: fatal error: no input files
compilation terminated.
configure:4217: $? = 1
configure:4206: g++ -qversion >&5
g++: error: unrecognized command line option '-qversion'; did you mean '--version'?
g++: fatal error: no input files
compilation terminated.
configure:4217: $? = 1
configure:4221: checking whether we are using the GNU C++ compiler
configure:4240: g++ -c   conftest.cpp >&5
configure:4240: $? = 0
configure:4249: result: yes
configure:4258: checking whether g++ accepts -g
configure:4278: g++ -c -g  conftest.cpp >&5
configure:4278: $? = 0
configure:4319: result: yes
configure:4344: checking dependency style of g++
configure:4455: result: gcc3
configure:4471: checking whether ln -s works
configure:4475: result: yes
configure:4525: checking for ranlib
configure:4541: found /usr/bin/ranlib
configure:4552: result: ranlib
configure:4624: checking for ar
configure:4640: found /usr/bin/ar
configure:4651: result: ar
configure:4677: checking the archiver (ar) interface
configure:4693: gcc -c -g -O2  conftest.c >&5
configure:4693: $? = 0
configure:4695: ar cru libconftest.a conftest.o >&5
ar: `u' modifier ignored since `D' is the default (see `U')
configure:4698: $? = 0
configure:4726: result: ar
configure:4752: checking how to run the C preprocessor
configure:4783: gcc -E  conftest.c
configure:4783: $? = 0
configure:4797: gcc -E  conftest.c
conftest.c:11:28: fatal error: ac_nonexistent.h: No such file or directory
 #include <ac_nonexistent.h>
                            ^
compilation terminated.
configure:4797: $? = 1
configure: failed program was:
| /* confdefs.h */
| #define PACKAGE_NAME "quip"
| #define PACKAGE_TARNAME "quip"
| #define PACKAGE_VERSION "1.1.8"
| #define PACKAGE_STRING "quip 1.1.8"
| #define PACKAGE_BUGREPORT "dcjones@cs.washington.edu"
| #define PACKAGE_URL ""
| #define PACKAGE "quip"
| #define VERSION "1.1.8"
| /* end confdefs.h.  */
| #include <ac_nonexistent.h>
configure:4822: result: gcc -E
configure:4842: gcc -E  conftest.c
configure:4842: $? = 0
configure:4856: gcc -E  conftest.c
conftest.c:11:28: fatal error: ac_nonexistent.h: No such file or directory
 #include <ac_nonexistent.h>
                            ^
compilation terminated.
configure:4856: $? = 1
configure: failed program was:
| /* confdefs.h */
| #define PACKAGE_NAME "quip"
| #define PACKAGE_TARNAME "quip"
| #define PACKAGE_VERSION "1.1.8"
| #define PACKAGE_STRING "quip 1.1.8"
| #define PACKAGE_BUGREPORT "dcjones@cs.washington.edu"
| #define PACKAGE_URL ""
| #define PACKAGE "quip"
| #define VERSION "1.1.8"
| /* end confdefs.h.  */
| #include <ac_nonexistent.h>
configure:4885: checking for grep that handles long lines and -e
configure:4943: result: /bin/grep
configure:4948: checking for egrep
configure:5010: result: /bin/grep -E
configure:5015: checking for ANSI C header files
configure:5035: gcc -c -g -O2  conftest.c >&5
configure:5035: $? = 0
configure:5108: gcc -o conftest -g -O2   conftest.c  >&5
configure:5108: $? = 0
configure:5108: ./conftest
configure:5108: $? = 0
configure:5119: result: yes
configure:5132: checking for sys/types.h
configure:5132: gcc -c -g -O2  conftest.c >&5
configure:5132: $? = 0
configure:5132: result: yes
configure:5132: checking for sys/stat.h
configure:5132: gcc -c -g -O2  conftest.c >&5
configure:5132: $? = 0
configure:5132: result: yes
configure:5132: checking for stdlib.h
configure:5132: gcc -c -g -O2  conftest.c >&5
configure:5132: $? = 0
configure:5132: result: yes
configure:5132: checking for string.h
configure:5132: gcc -c -g -O2  conftest.c >&5
configure:5132: $? = 0
configure:5132: result: yes
configure:5132: checking for memory.h
configure:5132: gcc -c -g -O2  conftest.c >&5
configure:5132: $? = 0
configure:5132: result: yes
configure:5132: checking for strings.h
configure:5132: gcc -c -g -O2  conftest.c >&5
configure:5132: $? = 0
configure:5132: result: yes
configure:5132: checking for inttypes.h
configure:5132: gcc -c -g -O2  conftest.c >&5
configure:5132: $? = 0
configure:5132: result: yes
configure:5132: checking for stdint.h
configure:5132: gcc -c -g -O2  conftest.c >&5
configure:5132: $? = 0
configure:5132: result: yes
configure:5132: checking for unistd.h
configure:5132: gcc -c -g -O2  conftest.c >&5
configure:5132: $? = 0
configure:5132: result: yes
configure:5144: checking whether byte ordering is bigendian
configure:5159: gcc -c -g -O2  conftest.c >&5
conftest.c:22:9: error: unknown type name 'not'
         not a universal capable compiler
         ^~~
conftest.c:22:15: error: expected '=', ',', ';', 'asm' or '__attribute__' before 'universal'
         not a universal capable compiler
               ^~~~~~~~~
conftest.c:22:15: error: unknown type name 'universal'
configure:5159: $? = 1
configure: failed program was:
| /* confdefs.h */
| #define PACKAGE_NAME "quip"
| #define PACKAGE_TARNAME "quip"
| #define PACKAGE_VERSION "1.1.8"
| #define PACKAGE_STRING "quip 1.1.8"
| #define PACKAGE_BUGREPORT "dcjones@cs.washington.edu"
| #define PACKAGE_URL ""
| #define PACKAGE "quip"
| #define VERSION "1.1.8"
| #define STDC_HEADERS 1
| #define HAVE_SYS_TYPES_H 1
| #define HAVE_SYS_STAT_H 1
| #define HAVE_STDLIB_H 1
| #define HAVE_STRING_H 1
| #define HAVE_MEMORY_H 1
| #define HAVE_STRINGS_H 1
| #define HAVE_INTTYPES_H 1
| #define HAVE_STDINT_H 1
| #define HAVE_UNISTD_H 1
| /* end confdefs.h.  */
| #ifndef __APPLE_CC__
| 	       not a universal capable compiler
| 	     #endif
| 	     typedef int dummy;
| 
configure:5204: gcc -c -g -O2  conftest.c >&5
configure:5204: $? = 0
configure:5222: gcc -c -g -O2  conftest.c >&5
conftest.c: In function 'main':
conftest.c:28:4: error: unknown type name 'not'
    not big endian
    ^~~
conftest.c:28:12: error: expected '=', ',', ';', 'asm' or '__attribute__' before 'endian'
    not big endian
            ^~~~~~
configure:5222: $? = 1
configure: failed program was:
| /* confdefs.h */
| #define PACKAGE_NAME "quip"
| #define PACKAGE_TARNAME "quip"
| #define PACKAGE_VERSION "1.1.8"
| #define PACKAGE_STRING "quip 1.1.8"
| #define PACKAGE_BUGREPORT "dcjones@cs.washington.edu"
| #define PACKAGE_URL ""
| #define PACKAGE "quip"
| #define VERSION "1.1.8"
| #define STDC_HEADERS 1
| #define HAVE_SYS_TYPES_H 1
| #define HAVE_SYS_STAT_H 1
| #define HAVE_STDLIB_H 1
| #define HAVE_STRING_H 1
| #define HAVE_MEMORY_H 1
| #define HAVE_STRINGS_H 1
| #define HAVE_INTTYPES_H 1
| #define HAVE_STDINT_H 1
| #define HAVE_UNISTD_H 1
| /* end confdefs.h.  */
| #include <sys/types.h>
| 		#include <sys/param.h>
| 
| int
| main ()
| {
| #if BYTE_ORDER != BIG_ENDIAN
| 		 not big endian
| 		#endif
| 
|   ;
|   return 0;
| }
configure:5350: result: no
configure:5369: checking for uint8_t
configure:5369: gcc -c -g -O2  conftest.c >&5
configure:5369: $? = 0
configure:5369: result: yes
configure:5383: checking for uint16_t
configure:5383: gcc -c -g -O2  conftest.c >&5
configure:5383: $? = 0
configure:5383: result: yes
configure:5395: checking for int32_t
configure:5395: gcc -c -g -O2  conftest.c >&5
configure:5395: $? = 0
configure:5395: gcc -c -g -O2  conftest.c >&5
conftest.c: In function 'main':
conftest.c:59:53: warning: integer overflow in expression [-Woverflow]
    < (int32_t) (((((int32_t) 1 << N) << N) - 1) * 2 + 2))];
                                                     ^
conftest.c:58:12: error: storage size of 'test_array' isn't constant
 static int test_array [1 - 2 * !((int32_t) (((((int32_t) 1 << N) << N) - 1) * 2 + 1)
            ^~~~~~~~~~
configure:5395: $? = 1
configure: failed program was:
| /* confdefs.h */
| #define PACKAGE_NAME "quip"
| #define PACKAGE_TARNAME "quip"
| #define PACKAGE_VERSION "1.1.8"
| #define PACKAGE_STRING "quip 1.1.8"
| #define PACKAGE_BUGREPORT "dcjones@cs.washington.edu"
| #define PACKAGE_URL ""
| #define PACKAGE "quip"
| #define VERSION "1.1.8"
| #define STDC_HEADERS 1
| #define HAVE_SYS_TYPES_H 1
| #define HAVE_SYS_STAT_H 1
| #define HAVE_STDLIB_H 1
| #define HAVE_STRING_H 1
| #define HAVE_MEMORY_H 1
| #define HAVE_STRINGS_H 1
| #define HAVE_INTTYPES_H 1
| #define HAVE_STDINT_H 1
| #define HAVE_UNISTD_H 1
| /* end confdefs.h.  */
| #include <stdio.h>
| #ifdef HAVE_SYS_TYPES_H
| # include <sys/types.h>
| #endif
| #ifdef HAVE_SYS_STAT_H
| # include <sys/stat.h>
| #endif
| #ifdef STDC_HEADERS
| # include <stdlib.h>
| # include <stddef.h>
| #else
| # ifdef HAVE_STDLIB_H
| #  include <stdlib.h>
| # endif
| #endif
| #ifdef HAVE_STRING_H
| # if !defined STDC_HEADERS && defined HAVE_MEMORY_H
| #  include <memory.h>
| # endif
| # include <string.h>
| #endif
| #ifdef HAVE_STRINGS_H
| # include <strings.h>
| #endif
| #ifdef HAVE_INTTYPES_H
| # include <inttypes.h>
| #endif
| #ifdef HAVE_STDINT_H
| # include <stdint.h>
| #endif
| #ifdef HAVE_UNISTD_H
| # include <unistd.h>
| #endif
| 	        enum { N = 32 / 2 - 1 };
| int
| main ()
| {
| static int test_array [1 - 2 * !((int32_t) (((((int32_t) 1 << N) << N) - 1) * 2 + 1)
| 		 < (int32_t) (((((int32_t) 1 << N) << N) - 1) * 2 + 2))];
| test_array [0] = 0;
| return test_array [0];
| 
|   ;
|   return 0;
| }
configure:5395: result: yes
configure:5406: checking for uint32_t
configure:5406: gcc -c -g -O2  conftest.c >&5
configure:5406: $? = 0
configure:5406: result: yes
configure:5420: checking for uint64_t
configure:5420: gcc -c -g -O2  conftest.c >&5
configure:5420: $? = 0
configure:5420: result: yes
configure:5434: checking for size_t
configure:5434: gcc -c -g -O2  conftest.c >&5
configure:5434: $? = 0
configure:5434: gcc -c -g -O2  conftest.c >&5
conftest.c: In function 'main':
conftest.c:57:21: error: expected expression before ')' token
 if (sizeof ((size_t)))
                     ^
configure:5434: $? = 1
configure: failed program was:
| /* confdefs.h */
| #define PACKAGE_NAME "quip"
| #define PACKAGE_TARNAME "quip"
| #define PACKAGE_VERSION "1.1.8"
| #define PACKAGE_STRING "quip 1.1.8"
| #define PACKAGE_BUGREPORT "dcjones@cs.washington.edu"
| #define PACKAGE_URL ""
| #define PACKAGE "quip"
| #define VERSION "1.1.8"
| #define STDC_HEADERS 1
| #define HAVE_SYS_TYPES_H 1
| #define HAVE_SYS_STAT_H 1
| #define HAVE_STDLIB_H 1
| #define HAVE_STRING_H 1
| #define HAVE_MEMORY_H 1
| #define HAVE_STRINGS_H 1
| #define HAVE_INTTYPES_H 1
| #define HAVE_STDINT_H 1
| #define HAVE_UNISTD_H 1
| /* end confdefs.h.  */
| #include <stdio.h>
| #ifdef HAVE_SYS_TYPES_H
| # include <sys/types.h>
| #endif
| #ifdef HAVE_SYS_STAT_H
| # include <sys/stat.h>
| #endif
| #ifdef STDC_HEADERS
| # include <stdlib.h>
| # include <stddef.h>
| #else
| # ifdef HAVE_STDLIB_H
| #  include <stdlib.h>
| # endif
| #endif
| #ifdef HAVE_STRING_H
| # if !defined STDC_HEADERS && defined HAVE_MEMORY_H
| #  include <memory.h>
| # endif
| # include <string.h>
| #endif
| #ifdef HAVE_STRINGS_H
| # include <strings.h>
| #endif
| #ifdef HAVE_INTTYPES_H
| # include <inttypes.h>
| #endif
| #ifdef HAVE_STDINT_H
| # include <stdint.h>
| #endif
| #ifdef HAVE_UNISTD_H
| # include <unistd.h>
| #endif
| int
| main ()
| {
| if (sizeof ((size_t)))
| 	    return 0;
|   ;
|   return 0;
| }
configure:5434: result: yes
configure:5446: checking for stdbool.h that conforms to C99
configure:5513: gcc -c -g -O2  conftest.c >&5
configure:5513: $? = 0
configure:5520: result: yes
configure:5522: checking for _Bool
configure:5522: gcc -c -g -O2  conftest.c >&5
configure:5522: $? = 0
configure:5522: gcc -c -g -O2  conftest.c >&5
conftest.c: In function 'main':
conftest.c:57:20: error: expected expression before ')' token
 if (sizeof ((_Bool)))
                    ^
configure:5522: $? = 1
configure: failed program was:
| /* confdefs.h */
| #define PACKAGE_NAME "quip"
| #define PACKAGE_TARNAME "quip"
| #define PACKAGE_VERSION "1.1.8"
| #define PACKAGE_STRING "quip 1.1.8"
| #define PACKAGE_BUGREPORT "dcjones@cs.washington.edu"
| #define PACKAGE_URL ""
| #define PACKAGE "quip"
| #define VERSION "1.1.8"
| #define STDC_HEADERS 1
| #define HAVE_SYS_TYPES_H 1
| #define HAVE_SYS_STAT_H 1
| #define HAVE_STDLIB_H 1
| #define HAVE_STRING_H 1
| #define HAVE_MEMORY_H 1
| #define HAVE_STRINGS_H 1
| #define HAVE_INTTYPES_H 1
| #define HAVE_STDINT_H 1
| #define HAVE_UNISTD_H 1
| /* end confdefs.h.  */
| #include <stdio.h>
| #ifdef HAVE_SYS_TYPES_H
| # include <sys/types.h>
| #endif
| #ifdef HAVE_SYS_STAT_H
| # include <sys/stat.h>
| #endif
| #ifdef STDC_HEADERS
| # include <stdlib.h>
| # include <stddef.h>
| #else
| # ifdef HAVE_STDLIB_H
| #  include <stdlib.h>
| # endif
| #endif
| #ifdef HAVE_STRING_H
| # if !defined STDC_HEADERS && defined HAVE_MEMORY_H
| #  include <memory.h>
| # endif
| # include <string.h>
| #endif
| #ifdef HAVE_STRINGS_H
| # include <strings.h>
| #endif
| #ifdef HAVE_INTTYPES_H
| # include <inttypes.h>
| #endif
| #ifdef HAVE_STDINT_H
| # include <stdint.h>
| #endif
| #ifdef HAVE_UNISTD_H
| # include <unistd.h>
| #endif
| int
| main ()
| {
| if (sizeof ((_Bool)))
| 	    return 0;
|   ;
|   return 0;
| }
configure:5522: result: yes
configure:5540: checking for compress in -lz
configure:5565: gcc -o conftest -g -O2   conftest.c -lz   >&5
configure:5565: $? = 0
configure:5574: result: yes
configure:5587: checking for BZ2_bzCompress in -lbz2
configure:5612: gcc -o conftest -g -O2   conftest.c -lbz2  -lz  >&5
/usr/bin/ld: cannot find -lbz2
collect2: error: ld returned 1 exit status
configure:5612: $? = 1
configure: failed program was:
| /* confdefs.h */
| #define PACKAGE_NAME "quip"
| #define PACKAGE_TARNAME "quip"
| #define PACKAGE_VERSION "1.1.8"
| #define PACKAGE_STRING "quip 1.1.8"
| #define PACKAGE_BUGREPORT "dcjones@cs.washington.edu"
| #define PACKAGE_URL ""
| #define PACKAGE "quip"
| #define VERSION "1.1.8"
| #define STDC_HEADERS 1
| #define HAVE_SYS_TYPES_H 1
| #define HAVE_SYS_STAT_H 1
| #define HAVE_STDLIB_H 1
| #define HAVE_STRING_H 1
| #define HAVE_MEMORY_H 1
| #define HAVE_STRINGS_H 1
| #define HAVE_INTTYPES_H 1
| #define HAVE_STDINT_H 1
| #define HAVE_UNISTD_H 1
| #define HAVE__BOOL 1
| #define HAVE_STDBOOL_H 1
| #define HAVE_LIBZ 1
| /* end confdefs.h.  */
| 
| /* Override any GCC internal prototype to avoid an error.
|    Use char because int might match the return type of a GCC
|    builtin and then its argument prototype would still apply.  */
| #ifdef __cplusplus
| extern "C"
| #endif
| char BZ2_bzCompress ();
| int
| main ()
| {
| return BZ2_bzCompress ();
|   ;
|   return 0;
| }
configure:5621: result: no
configure:5640: checking for __builtin_prefetch
configure:5653: gcc -c -g -O2  conftest.c >&5
configure:5653: $? = 0
configure:5655: result: yes
configure:5695: checking build system type
configure:5709: result: x86_64-unknown-linux-gnu
configure:5729: checking host system type
configure:5742: result: x86_64-unknown-linux-gnu
configure:5930: checking for the pthreads library -lpthreads
configure:5963: gcc -o conftest -std=gnu99 -Wall -Wextra -pedantic -g -O3 -D_GNU_SOURCE -DNDEBUG     conftest.c -lpthreads  -lz  >&5
conftest.c: In function 'main':
conftest.c:30:22: warning: null argument where non-null required (argument 1) [-Wnonnull]
                      pthread_attr_init(0); pthread_cleanup_push(0, 0);
                      ^~~~~~~~~~~~~~~~~
conftest.c:31:22: warning: null argument where non-null required (argument 1) [-Wnonnull]
                      pthread_create(0,0,0,0); pthread_cleanup_pop(0);
                      ^~~~~~~~~~~~~~
conftest.c:31:22: warning: null argument where non-null required (argument 3) [-Wnonnull]
conftest.c:29:15: warning: 'th' is used uninitialized in this function [-Wuninitialized]
 pthread_t th; pthread_join(th, 0);
               ^~~~~~~~~~~~~~~~~~~
/usr/bin/ld: cannot find -lpthreads
collect2: error: ld returned 1 exit status
configure:5963: $? = 1
configure: failed program was:
| /* confdefs.h */
| #define PACKAGE_NAME "quip"
| #define PACKAGE_TARNAME "quip"
| #define PACKAGE_VERSION "1.1.8"
| #define PACKAGE_STRING "quip 1.1.8"
| #define PACKAGE_BUGREPORT "dcjones@cs.washington.edu"
| #define PACKAGE_URL ""
| #define PACKAGE "quip"
| #define VERSION "1.1.8"
| #define STDC_HEADERS 1
| #define HAVE_SYS_TYPES_H 1
| #define HAVE_SYS_STAT_H 1
| #define HAVE_STDLIB_H 1
| #define HAVE_STRING_H 1
| #define HAVE_MEMORY_H 1
| #define HAVE_STRINGS_H 1
| #define HAVE_INTTYPES_H 1
| #define HAVE_STDINT_H 1
| #define HAVE_UNISTD_H 1
| #define HAVE__BOOL 1
| #define HAVE_STDBOOL_H 1
| #define HAVE_LIBZ 1
| #define HAVE_PREFETCH 1
| /* end confdefs.h.  */
| #include <pthread.h>
| int
| main ()
| {
| pthread_t th; pthread_join(th, 0);
|                      pthread_attr_init(0); pthread_cleanup_push(0, 0);
|                      pthread_create(0,0,0,0); pthread_cleanup_pop(0);
|   ;
|   return 0;
| }
configure:5998: result: no
configure:5873: checking whether pthreads work without any flags
configure:5963: gcc -o conftest -std=gnu99 -Wall -Wextra -pedantic -g -O3 -D_GNU_SOURCE -DNDEBUG     conftest.c   -lz  >&5
conftest.c: In function 'main':
conftest.c:30:22: warning: null argument where non-null required (argument 1) [-Wnonnull]
                      pthread_attr_init(0); pthread_cleanup_push(0, 0);
                      ^~~~~~~~~~~~~~~~~
conftest.c:31:22: warning: null argument where non-null required (argument 1) [-Wnonnull]
                      pthread_create(0,0,0,0); pthread_cleanup_pop(0);
                      ^~~~~~~~~~~~~~
conftest.c:31:22: warning: null argument where non-null required (argument 3) [-Wnonnull]
conftest.c:29:15: warning: 'th' is used uninitialized in this function [-Wuninitialized]
 pthread_t th; pthread_join(th, 0);
               ^~~~~~~~~~~~~~~~~~~
/tmp/ccQCdnHU.o: In function `main':
/media/morteza/Me/cryfa/progs/quip/conftest.c:29: undefined reference to `pthread_join'
/media/morteza/Me/cryfa/progs/quip/conftest.c:30: undefined reference to `__pthread_register_cancel'
/media/morteza/Me/cryfa/progs/quip/conftest.c:31: undefined reference to `pthread_create'
/media/morteza/Me/cryfa/progs/quip/conftest.c:31: undefined reference to `__pthread_unregister_cancel'
collect2: error: ld returned 1 exit status
configure:5963: $? = 1
configure: failed program was:
| /* confdefs.h */
| #define PACKAGE_NAME "quip"
| #define PACKAGE_TARNAME "quip"
| #define PACKAGE_VERSION "1.1.8"
| #define PACKAGE_STRING "quip 1.1.8"
| #define PACKAGE_BUGREPORT "dcjones@cs.washington.edu"
| #define PACKAGE_URL ""
| #define PACKAGE "quip"
| #define VERSION "1.1.8"
| #define STDC_HEADERS 1
| #define HAVE_SYS_TYPES_H 1
| #define HAVE_SYS_STAT_H 1
| #define HAVE_STDLIB_H 1
| #define HAVE_STRING_H 1
| #define HAVE_MEMORY_H 1
| #define HAVE_STRINGS_H 1
| #define HAVE_INTTYPES_H 1
| #define HAVE_STDINT_H 1
| #define HAVE_UNISTD_H 1
| #define HAVE__BOOL 1
| #define HAVE_STDBOOL_H 1
| #define HAVE_LIBZ 1
| #define HAVE_PREFETCH 1
| /* end confdefs.h.  */
| #include <pthread.h>
| int
| main ()
| {
| pthread_t th; pthread_join(th, 0);
|                      pthread_attr_init(0); pthread_cleanup_push(0, 0);
|                      pthread_create(0,0,0,0); pthread_cleanup_pop(0);
|   ;
|   return 0;
| }
configure:5998: result: no
configure:5878: checking whether pthreads work with -Kthread
configure:5963: gcc -o conftest -std=gnu99 -Wall -Wextra -pedantic -g -O3 -D_GNU_SOURCE -DNDEBUG  -Kthread   conftest.c   -lz  >&5
gcc: error: unrecognized command line option '-Kthread'; did you mean '-pthread'?
configure:5963: $? = 1
configure: failed program was:
| /* confdefs.h */
| #define PACKAGE_NAME "quip"
| #define PACKAGE_TARNAME "quip"
| #define PACKAGE_VERSION "1.1.8"
| #define PACKAGE_STRING "quip 1.1.8"
| #define PACKAGE_BUGREPORT "dcjones@cs.washington.edu"
| #define PACKAGE_URL ""
| #define PACKAGE "quip"
| #define VERSION "1.1.8"
| #define STDC_HEADERS 1
| #define HAVE_SYS_TYPES_H 1
| #define HAVE_SYS_STAT_H 1
| #define HAVE_STDLIB_H 1
| #define HAVE_STRING_H 1
| #define HAVE_MEMORY_H 1
| #define HAVE_STRINGS_H 1
| #define HAVE_INTTYPES_H 1
| #define HAVE_STDINT_H 1
| #define HAVE_UNISTD_H 1
| #define HAVE__BOOL 1
| #define HAVE_STDBOOL_H 1
| #define HAVE_LIBZ 1
| #define HAVE_PREFETCH 1
| /* end confdefs.h.  */
| #include <pthread.h>
| int
| main ()
| {
| pthread_t th; pthread_join(th, 0);
|                      pthread_attr_init(0); pthread_cleanup_push(0, 0);
|                      pthread_create(0,0,0,0); pthread_cleanup_pop(0);
|   ;
|   return 0;
| }
configure:5998: result: no
configure:5878: checking whether pthreads work with -kthread
configure:5963: gcc -o conftest -std=gnu99 -Wall -Wextra -pedantic -g -O3 -D_GNU_SOURCE -DNDEBUG  -kthread   conftest.c   -lz  >&5
gcc: error: unrecognized command line option '-kthread'; did you mean '-pthread'?
configure:5963: $? = 1
configure: failed program was:
| /* confdefs.h */
| #define PACKAGE_NAME "quip"
| #define PACKAGE_TARNAME "quip"
| #define PACKAGE_VERSION "1.1.8"
| #define PACKAGE_STRING "quip 1.1.8"
| #define PACKAGE_BUGREPORT "dcjones@cs.washington.edu"
| #define PACKAGE_URL ""
| #define PACKAGE "quip"
| #define VERSION "1.1.8"
| #define STDC_HEADERS 1
| #define HAVE_SYS_TYPES_H 1
| #define HAVE_SYS_STAT_H 1
| #define HAVE_STDLIB_H 1
| #define HAVE_STRING_H 1
| #define HAVE_MEMORY_H 1
| #define HAVE_STRINGS_H 1
| #define HAVE_INTTYPES_H 1
| #define HAVE_STDINT_H 1
| #define HAVE_UNISTD_H 1
| #define HAVE__BOOL 1
| #define HAVE_STDBOOL_H 1
| #define HAVE_LIBZ 1
| #define HAVE_PREFETCH 1
| /* end confdefs.h.  */
| #include <pthread.h>
| int
| main ()
| {
| pthread_t th; pthread_join(th, 0);
|                      pthread_attr_init(0); pthread_cleanup_push(0, 0);
|                      pthread_create(0,0,0,0); pthread_cleanup_pop(0);
|   ;
|   return 0;
| }
configure:5998: result: no
configure:5930: checking for the pthreads library -llthread
configure:5963: gcc -o conftest -std=gnu99 -Wall -Wextra -pedantic -g -O3 -D_GNU_SOURCE -DNDEBUG     conftest.c -llthread  -lz  >&5
conftest.c: In function 'main':
conftest.c:30:22: warning: null argument where non-null required (argument 1) [-Wnonnull]
                      pthread_attr_init(0); pthread_cleanup_push(0, 0);
                      ^~~~~~~~~~~~~~~~~
conftest.c:31:22: warning: null argument where non-null required (argument 1) [-Wnonnull]
                      pthread_create(0,0,0,0); pthread_cleanup_pop(0);
                      ^~~~~~~~~~~~~~
conftest.c:31:22: warning: null argument where non-null required (argument 3) [-Wnonnull]
conftest.c:29:15: warning: 'th' is used uninitialized in this function [-Wuninitialized]
 pthread_t th; pthread_join(th, 0);
               ^~~~~~~~~~~~~~~~~~~
/usr/bin/ld: cannot find -llthread
collect2: error: ld returned 1 exit status
configure:5963: $? = 1
configure: failed program was:
| /* confdefs.h */
| #define PACKAGE_NAME "quip"
| #define PACKAGE_TARNAME "quip"
| #define PACKAGE_VERSION "1.1.8"
| #define PACKAGE_STRING "quip 1.1.8"
| #define PACKAGE_BUGREPORT "dcjones@cs.washington.edu"
| #define PACKAGE_URL ""
| #define PACKAGE "quip"
| #define VERSION "1.1.8"
| #define STDC_HEADERS 1
| #define HAVE_SYS_TYPES_H 1
| #define HAVE_SYS_STAT_H 1
| #define HAVE_STDLIB_H 1
| #define HAVE_STRING_H 1
| #define HAVE_MEMORY_H 1
| #define HAVE_STRINGS_H 1
| #define HAVE_INTTYPES_H 1
| #define HAVE_STDINT_H 1
| #define HAVE_UNISTD_H 1
| #define HAVE__BOOL 1
| #define HAVE_STDBOOL_H 1
| #define HAVE_LIBZ 1
| #define HAVE_PREFETCH 1
| /* end confdefs.h.  */
| #include <pthread.h>
| int
| main ()
| {
| pthread_t th; pthread_join(th, 0);
|                      pthread_attr_init(0); pthread_cleanup_push(0, 0);
|                      pthread_create(0,0,0,0); pthread_cleanup_pop(0);
|   ;
|   return 0;
| }
configure:5998: result: no
configure:5878: checking whether pthreads work with -pthread
configure:5963: gcc -o conftest -std=gnu99 -Wall -Wextra -pedantic -g -O3 -D_GNU_SOURCE -DNDEBUG  -pthread   conftest.c   -lz  >&5
conftest.c: In function 'main':
conftest.c:30:22: warning: null argument where non-null required (argument 1) [-Wnonnull]
                      pthread_attr_init(0); pthread_cleanup_push(0, 0);
                      ^~~~~~~~~~~~~~~~~
conftest.c:31:22: warning: null argument where non-null required (argument 1) [-Wnonnull]
                      pthread_create(0,0,0,0); pthread_cleanup_pop(0);
                      ^~~~~~~~~~~~~~
conftest.c:31:22: warning: null argument where non-null required (argument 3) [-Wnonnull]
conftest.c:29:15: warning: 'th' is used uninitialized in this function [-Wuninitialized]
 pthread_t th; pthread_join(th, 0);
               ^~~~~~~~~~~~~~~~~~~
configure:5963: $? = 0
configure:5998: result: yes
configure:5878: checking whether pthreads work with -pthreads
configure:5963: gcc -o conftest -std=gnu99 -Wall -Wextra -pedantic -g -O3 -D_GNU_SOURCE -DNDEBUG  -pthread -pthreads   conftest.c     -lz  >&5
gcc: error: unrecognized command line option '-pthreads'; did you mean '-pthread'?
configure:5963: $? = 1
configure: failed program was:
| /* confdefs.h */
| #define PACKAGE_NAME "quip"
| #define PACKAGE_TARNAME "quip"
| #define PACKAGE_VERSION "1.1.8"
| #define PACKAGE_STRING "quip 1.1.8"
| #define PACKAGE_BUGREPORT "dcjones@cs.washington.edu"
| #define PACKAGE_URL ""
| #define PACKAGE "quip"
| #define VERSION "1.1.8"
| #define STDC_HEADERS 1
| #define HAVE_SYS_TYPES_H 1
| #define HAVE_SYS_STAT_H 1
| #define HAVE_STDLIB_H 1
| #define HAVE_STRING_H 1
| #define HAVE_MEMORY_H 1
| #define HAVE_STRINGS_H 1
| #define HAVE_INTTYPES_H 1
| #define HAVE_STDINT_H 1
| #define HAVE_UNISTD_H 1
| #define HAVE__BOOL 1
| #define HAVE_STDBOOL_H 1
| #define HAVE_LIBZ 1
| #define HAVE_PREFETCH 1
| /* end confdefs.h.  */
| #include <pthread.h>
| int
| main ()
| {
| pthread_t th; pthread_join(th, 0);
|                      pthread_attr_init(0); pthread_cleanup_push(0, 0);
|                      pthread_create(0,0,0,0); pthread_cleanup_pop(0);
|   ;
|   return 0;
| }
configure:5998: result: no
configure:5878: checking whether pthreads work with -mthreads
configure:5963: gcc -o conftest -std=gnu99 -Wall -Wextra -pedantic -g -O3 -D_GNU_SOURCE -DNDEBUG  -pthread -mthreads   conftest.c     -lz  >&5
gcc: error: unrecognized command line option '-mthreads'; did you mean '-pthread'?
configure:5963: $? = 1
configure: failed program was:
| /* confdefs.h */
| #define PACKAGE_NAME "quip"
| #define PACKAGE_TARNAME "quip"
| #define PACKAGE_VERSION "1.1.8"
| #define PACKAGE_STRING "quip 1.1.8"
| #define PACKAGE_BUGREPORT "dcjones@cs.washington.edu"
| #define PACKAGE_URL ""
| #define PACKAGE "quip"
| #define VERSION "1.1.8"
| #define STDC_HEADERS 1
| #define HAVE_SYS_TYPES_H 1
| #define HAVE_SYS_STAT_H 1
| #define HAVE_STDLIB_H 1
| #define HAVE_STRING_H 1
| #define HAVE_MEMORY_H 1
| #define HAVE_STRINGS_H 1
| #define HAVE_INTTYPES_H 1
| #define HAVE_STDINT_H 1
| #define HAVE_UNISTD_H 1
| #define HAVE__BOOL 1
| #define HAVE_STDBOOL_H 1
| #define HAVE_LIBZ 1
| #define HAVE_PREFETCH 1
| /* end confdefs.h.  */
| #include <pthread.h>
| int
| main ()
| {
| pthread_t th; pthread_join(th, 0);
|                      pthread_attr_init(0); pthread_cleanup_push(0, 0);
|                      pthread_create(0,0,0,0); pthread_cleanup_pop(0);
|   ;
|   return 0;
| }
configure:5998: result: no
configure:5930: checking for the pthreads library -lpthread
configure:5963: gcc -o conftest -std=gnu99 -Wall -Wextra -pedantic -g -O3 -D_GNU_SOURCE -DNDEBUG  -pthread    conftest.c -lpthread    -lz  >&5
conftest.c: In function 'main':
conftest.c:30:22: warning: null argument where non-null required (argument 1) [-Wnonnull]
                      pthread_attr_init(0); pthread_cleanup_push(0, 0);
                      ^~~~~~~~~~~~~~~~~
conftest.c:31:22: warning: null argument where non-null required (argument 1) [-Wnonnull]
                      pthread_create(0,0,0,0); pthread_cleanup_pop(0);
                      ^~~~~~~~~~~~~~
conftest.c:31:22: warning: null argument where non-null required (argument 3) [-Wnonnull]
conftest.c:29:15: warning: 'th' is used uninitialized in this function [-Wuninitialized]
 pthread_t th; pthread_join(th, 0);
               ^~~~~~~~~~~~~~~~~~~
configure:5963: $? = 0
configure:5998: result: yes
configure:5878: checking whether pthreads work with --thread-safe
configure:5963: gcc -o conftest -std=gnu99 -Wall -Wextra -pedantic -g -O3 -D_GNU_SOURCE -DNDEBUG  -pthread  --thread-safe   conftest.c   -lpthread    -lz  >&5
gcc: error: unrecognized command line option '--thread-safe'; did you mean '--thread-jumps'?
configure:5963: $? = 1
configure: failed program was:
| /* confdefs.h */
| #define PACKAGE_NAME "quip"
| #define PACKAGE_TARNAME "quip"
| #define PACKAGE_VERSION "1.1.8"
| #define PACKAGE_STRING "quip 1.1.8"
| #define PACKAGE_BUGREPORT "dcjones@cs.washington.edu"
| #define PACKAGE_URL ""
| #define PACKAGE "quip"
| #define VERSION "1.1.8"
| #define STDC_HEADERS 1
| #define HAVE_SYS_TYPES_H 1
| #define HAVE_SYS_STAT_H 1
| #define HAVE_STDLIB_H 1
| #define HAVE_STRING_H 1
| #define HAVE_MEMORY_H 1
| #define HAVE_STRINGS_H 1
| #define HAVE_INTTYPES_H 1
| #define HAVE_STDINT_H 1
| #define HAVE_UNISTD_H 1
| #define HAVE__BOOL 1
| #define HAVE_STDBOOL_H 1
| #define HAVE_LIBZ 1
| #define HAVE_PREFETCH 1
| /* end confdefs.h.  */
| #include <pthread.h>
| int
| main ()
| {
| pthread_t th; pthread_join(th, 0);
|                      pthread_attr_init(0); pthread_cleanup_push(0, 0);
|                      pthread_create(0,0,0,0); pthread_cleanup_pop(0);
|   ;
|   return 0;
| }
configure:5998: result: no
configure:5878: checking whether pthreads work with -mt
configure:5963: gcc -o conftest -std=gnu99 -Wall -Wextra -pedantic -g -O3 -D_GNU_SOURCE -DNDEBUG  -pthread  -mt   conftest.c   -lpthread    -lz  >&5
gcc: error: unrecognized command line option '-mt'; did you mean '-t'?
configure:5963: $? = 1
configure: failed program was:
| /* confdefs.h */
| #define PACKAGE_NAME "quip"
| #define PACKAGE_TARNAME "quip"
| #define PACKAGE_VERSION "1.1.8"
| #define PACKAGE_STRING "quip 1.1.8"
| #define PACKAGE_BUGREPORT "dcjones@cs.washington.edu"
| #define PACKAGE_URL ""
| #define PACKAGE "quip"
| #define VERSION "1.1.8"
| #define STDC_HEADERS 1
| #define HAVE_SYS_TYPES_H 1
| #define HAVE_SYS_STAT_H 1
| #define HAVE_STDLIB_H 1
| #define HAVE_STRING_H 1
| #define HAVE_MEMORY_H 1
| #define HAVE_STRINGS_H 1
| #define HAVE_INTTYPES_H 1
| #define HAVE_STDINT_H 1
| #define HAVE_UNISTD_H 1
| #define HAVE__BOOL 1
| #define HAVE_STDBOOL_H 1
| #define HAVE_LIBZ 1
| #define HAVE_PREFETCH 1
| /* end confdefs.h.  */
| #include <pthread.h>
| int
| main ()
| {
| pthread_t th; pthread_join(th, 0);
|                      pthread_attr_init(0); pthread_cleanup_push(0, 0);
|                      pthread_create(0,0,0,0); pthread_cleanup_pop(0);
|   ;
|   return 0;
| }
configure:5998: result: no
configure:5930: checking for the pthreads library -lpthreadGC2
configure:5963: gcc -o conftest -std=gnu99 -Wall -Wextra -pedantic -g -O3 -D_GNU_SOURCE -DNDEBUG  -pthread     conftest.c -lpthreadGC2  -lpthread    -lz  >&5
conftest.c: In function 'main':
conftest.c:30:22: warning: null argument where non-null required (argument 1) [-Wnonnull]
                      pthread_attr_init(0); pthread_cleanup_push(0, 0);
                      ^~~~~~~~~~~~~~~~~
conftest.c:31:22: warning: null argument where non-null required (argument 1) [-Wnonnull]
                      pthread_create(0,0,0,0); pthread_cleanup_pop(0);
                      ^~~~~~~~~~~~~~
conftest.c:31:22: warning: null argument where non-null required (argument 3) [-Wnonnull]
conftest.c:29:15: warning: 'th' is used uninitialized in this function [-Wuninitialized]
 pthread_t th; pthread_join(th, 0);
               ^~~~~~~~~~~~~~~~~~~
/usr/bin/ld: cannot find -lpthreadGC2
collect2: error: ld returned 1 exit status
configure:5963: $? = 1
configure: failed program was:
| /* confdefs.h */
| #define PACKAGE_NAME "quip"
| #define PACKAGE_TARNAME "quip"
| #define PACKAGE_VERSION "1.1.8"
| #define PACKAGE_STRING "quip 1.1.8"
| #define PACKAGE_BUGREPORT "dcjones@cs.washington.edu"
| #define PACKAGE_URL ""
| #define PACKAGE "quip"
| #define VERSION "1.1.8"
| #define STDC_HEADERS 1
| #define HAVE_SYS_TYPES_H 1
| #define HAVE_SYS_STAT_H 1
| #define HAVE_STDLIB_H 1
| #define HAVE_STRING_H 1
| #define HAVE_MEMORY_H 1
| #define HAVE_STRINGS_H 1
| #define HAVE_INTTYPES_H 1
| #define HAVE_STDINT_H 1
| #define HAVE_UNISTD_H 1
| #define HAVE__BOOL 1
| #define HAVE_STDBOOL_H 1
| #define HAVE_LIBZ 1
| #define HAVE_PREFETCH 1
| /* end confdefs.h.  */
| #include <pthread.h>
| int
| main ()
| {
| pthread_t th; pthread_join(th, 0);
|                      pthread_attr_init(0); pthread_cleanup_push(0, 0);
|                      pthread_create(0,0,0,0); pthread_cleanup_pop(0);
|   ;
|   return 0;
| }
configure:5998: result: no
configure:6159: checking for vasprintf
configure:6159: gcc -o conftest -std=gnu99 -Wall -Wextra -pedantic -g -O3 -D_GNU_SOURCE -DNDEBUG  -pthread    conftest.c  -lpthread    -lz  >&5
configure:6159: $? = 0
configure:6159: result: yes
configure:6170: checking for asprintf
configure:6170: gcc -o conftest -std=gnu99 -Wall -Wextra -pedantic -g -O3 -D_GNU_SOURCE -DNDEBUG  -pthread    conftest.c  -lpthread    -lz  >&5
configure:6170: $? = 0
configure:6170: result: yes
configure:6181: checking for open
configure:6181: gcc -o conftest -std=gnu99 -Wall -Wextra -pedantic -g -O3 -D_GNU_SOURCE -DNDEBUG  -pthread    conftest.c  -lpthread    -lz  >&5
configure:6181: $? = 0
configure:6181: result: yes
configure:6188: checking for fdopen
configure:6188: gcc -o conftest -std=gnu99 -Wall -Wextra -pedantic -g -O3 -D_GNU_SOURCE -DNDEBUG  -pthread    conftest.c  -lpthread    -lz  >&5
configure:6188: $? = 0
configure:6188: result: yes
configure:6195: checking for fileno
configure:6195: gcc -o conftest -std=gnu99 -Wall -Wextra -pedantic -g -O3 -D_GNU_SOURCE -DNDEBUG  -pthread    conftest.c  -lpthread    -lz  >&5
configure:6195: $? = 0
configure:6195: result: yes
configure:6202: checking for unlink
configure:6202: gcc -o conftest -std=gnu99 -Wall -Wextra -pedantic -g -O3 -D_GNU_SOURCE -DNDEBUG  -pthread    conftest.c  -lpthread    -lz  >&5
configure:6202: $? = 0
configure:6202: result: yes
configure:6209: checking for isatty
configure:6209: gcc -o conftest -std=gnu99 -Wall -Wextra -pedantic -g -O3 -D_GNU_SOURCE -DNDEBUG  -pthread    conftest.c  -lpthread    -lz  >&5
configure:6209: $? = 0
configure:6209: result: yes
configure:6217: checking getopt.h usability
configure:6217: gcc -c -std=gnu99 -Wall -Wextra -pedantic -g -O3 -D_GNU_SOURCE -DNDEBUG  -pthread   conftest.c >&5
configure:6217: $? = 0
configure:6217: result: yes
configure:6217: checking getopt.h presence
configure:6217: gcc -E  conftest.c
configure:6217: $? = 0
configure:6217: result: yes
configure:6217: checking for getopt.h
configure:6217: result: yes
configure:6226: checking signal.h usability
configure:6226: gcc -c -std=gnu99 -Wall -Wextra -pedantic -g -O3 -D_GNU_SOURCE -DNDEBUG  -pthread   conftest.c >&5
configure:6226: $? = 0
configure:6226: result: yes
configure:6226: checking signal.h presence
configure:6226: gcc -E  conftest.c
configure:6226: $? = 0
configure:6226: result: yes
configure:6226: checking for signal.h
configure:6226: result: yes
configure:6350: checking that generated files are newer than configure
configure:6356: result: done
configure:6384: creating ./config.status

## ---------------------- ##
## Running config.status. ##
## ---------------------- ##

This file was extended by quip config.status 1.1.8, which was
generated by GNU Autoconf 2.69.  Invocation command line was

  CONFIG_FILES    = 
  CONFIG_HEADERS  = 
  CONFIG_LINKS    = 
  CONFIG_COMMANDS = 
  $ ./config.status 

on morteza

config.status:884: creating Makefile
config.status:884: creating src/Makefile
config.status:884: creating src/version.h
config.status:884: creating tests/Makefile
config.status:884: creating src/config.h
config.status:1113: executing depfiles commands

## ---------------- ##
## Cache variables. ##
## ---------------- ##

ac_cv_build=x86_64-unknown-linux-gnu
ac_cv_c_bigendian=no
ac_cv_c_compiler_gnu=yes
ac_cv_c_int32_t=yes
ac_cv_c_uint16_t=yes
ac_cv_c_uint32_t=yes
ac_cv_c_uint64_t=yes
ac_cv_c_uint8_t=yes
ac_cv_cxx_compiler_gnu=yes
ac_cv_env_CCC_set=
ac_cv_env_CCC_value=
ac_cv_env_CC_set=
ac_cv_env_CC_value=
ac_cv_env_CFLAGS_set=
ac_cv_env_CFLAGS_value=
ac_cv_env_CPPFLAGS_set=
ac_cv_env_CPPFLAGS_value=
ac_cv_env_CPP_set=
ac_cv_env_CPP_value=
ac_cv_env_CXXFLAGS_set=
ac_cv_env_CXXFLAGS_value=
ac_cv_env_CXX_set=
ac_cv_env_CXX_value=
ac_cv_env_LDFLAGS_set=
ac_cv_env_LDFLAGS_value=
ac_cv_env_LIBS_set=
ac_cv_env_LIBS_value=
ac_cv_env_build_alias_set=
ac_cv_env_build_alias_value=
ac_cv_env_host_alias_set=
ac_cv_env_host_alias_value=
ac_cv_env_target_alias_set=
ac_cv_env_target_alias_value=
ac_cv_func_asprintf=yes
ac_cv_func_fdopen=yes
ac_cv_func_fileno=yes
ac_cv_func_isatty=yes
ac_cv_func_open=yes
ac_cv_func_unlink=yes
ac_cv_func_vasprintf=yes
ac_cv_header_getopt_h=yes
ac_cv_header_inttypes_h=yes
ac_cv_header_memory_h=yes
ac_cv_header_signal_h=yes
ac_cv_header_stdbool_h=yes
ac_cv_header_stdc=yes
ac_cv_header_stdint_h=yes
ac_cv_header_stdlib_h=yes
ac_cv_header_string_h=yes
ac_cv_header_strings_h=yes
ac_cv_header_sys_stat_h=yes
ac_cv_header_sys_types_h=yes
ac_cv_header_unistd_h=yes
ac_cv_host=x86_64-unknown-linux-gnu
ac_cv_lib_bz2_BZ2_bzCompress=no
ac_cv_lib_z_compress=yes
ac_cv_objext=o
ac_cv_path_EGREP='/bin/grep -E'
ac_cv_path_GREP=/bin/grep
ac_cv_path_install='/usr/bin/install -c'
ac_cv_path_mkdir=/bin/mkdir
ac_cv_prog_AWK=mawk
ac_cv_prog_CPP='gcc -E'
ac_cv_prog_ac_ct_AR=ar
ac_cv_prog_ac_ct_CC=gcc
ac_cv_prog_ac_ct_CXX=g++
ac_cv_prog_ac_ct_RANLIB=ranlib
ac_cv_prog_cc_c89=
ac_cv_prog_cc_g=yes
ac_cv_prog_cxx_g=yes
ac_cv_prog_make_make_set=yes
ac_cv_type__Bool=yes
ac_cv_type_size_t=yes
am_cv_CC_dependencies_compiler_type=gcc3
am_cv_CXX_dependencies_compiler_type=gcc3
am_cv_ar_interface=ar
am_cv_make_support_nested_variables=yes
am_cv_prog_cc_c_o=yes

## ----------------- ##
## Output variables. ##
## ----------------- ##

ACLOCAL='aclocal-1.14'
AMDEPBACKSLASH='\'
AMDEP_FALSE='#'
AMDEP_TRUE=''
AMTAR='$${TAR-tar}'
AM_BACKSLASH='\'
AM_DEFAULT_V='$(AM_DEFAULT_VERBOSITY)'
AM_DEFAULT_VERBOSITY='0'
AM_V='$(V)'
AR='ar'
AUTOCONF='autoconf'
AUTOHEADER='autoheader'
AUTOMAKE='automake-1.14'
AWK='mawk'
CC='gcc'
CCDEPMODE='depmode=gcc3'
CFLAGS='-std=gnu99 -Wall -Wextra -pedantic -g -O3 -D_GNU_SOURCE -DNDEBUG  -pthread '
CPP='gcc -E'
CPPFLAGS=''
CXX='g++'
CXXDEPMODE='depmode=gcc3'
CXXFLAGS='-g -O2'
CYGPATH_W='echo'
DEFS='-DHAVE_CONFIG_H'
DEPDIR='.deps'
ECHO_C=''
ECHO_N='-n'
ECHO_T=''
EGREP='/bin/grep -E'
EXEEXT=''
GREP='/bin/grep'
INSTALL_DATA='${INSTALL} -m 644'
INSTALL_PROGRAM='${INSTALL}'
INSTALL_SCRIPT='${INSTALL}'
INSTALL_STRIP_PROGRAM='$(install_sh) -c -s'
LDFLAGS=''
LIBOBJS=''
LIBS=' -lpthread    -lz '
LN_S='ln -s'
LTLIBOBJS=''
MAKEINFO='makeinfo'
MKDIR_P='/bin/mkdir -p'
OBJEXT='o'
PACKAGE='quip'
PACKAGE_BUGREPORT='dcjones@cs.washington.edu'
PACKAGE_NAME='quip'
PACKAGE_STRING='quip 1.1.8'
PACKAGE_TARNAME='quip'
PACKAGE_URL=''
PACKAGE_VERSION='1.1.8'
PATH_SEPARATOR=':'
PTHREAD_CC='gcc'
PTHREAD_CFLAGS=' -pthread '
PTHREAD_LIBS=' -lpthread   '
RANLIB='ranlib'
SET_MAKE=''
SHELL='/bin/bash'
STRIP=''
VERSION='1.1.8'
ac_ct_AR='ar'
ac_ct_CC='gcc'
ac_ct_CXX='g++'
acx_pthread_config=''
am__EXEEXT_FALSE=''
am__EXEEXT_TRUE='#'
am__fastdepCC_FALSE='#'
am__fastdepCC_TRUE=''
am__fastdepCXX_FALSE='#'
am__fastdepCXX_TRUE=''
am__include='include'
am__isrc=''
am__leading_dot='.'
am__nodep='_no'
am__quote=''
am__tar='$${TAR-tar} chof - "$$tardir"'
am__untar='$${TAR-tar} xf -'
bindir='${exec_prefix}/bin'
build='x86_64-unknown-linux-gnu'
build_alias=''
build_cpu='x86_64'
build_os='linux-gnu'
build_vendor='unknown'
datadir='${datarootdir}'
datarootdir='${prefix}/share'
docdir='${datarootdir}/doc/${PACKAGE_TARNAME}'
dvidir='${docdir}'
exec_prefix='${prefix}'
host='x86_64-unknown-linux-gnu'
host_alias=''
host_cpu='x86_64'
host_os='linux-gnu'
host_vendor='unknown'
htmldir='${docdir}'
includedir='${prefix}/include'
infodir='${datarootdir}/info'
install_sh='${SHELL} /media/morteza/Me/cryfa/progs/quip/install-sh'
libdir='${exec_prefix}/lib'
libexecdir='${exec_prefix}/libexec'
localedir='${datarootdir}/locale'
localstatedir='${prefix}/var'
mandir='${datarootdir}/man'
mkdir_p='$(MKDIR_P)'
oldincludedir='/usr/include'
pdfdir='${docdir}'
prefix='/usr/local'
program_transform_name='s,x,x,'
psdir='${docdir}'
sbindir='${exec_prefix}/sbin'
sharedstatedir='${prefix}/com'
sysconfdir='${prefix}/etc'
target_alias=''

## ----------- ##
## confdefs.h. ##
## ----------- ##

/* confdefs.h */
#define PACKAGE_NAME "quip"
#define PACKAGE_TARNAME "quip"
#define PACKAGE_VERSION "1.1.8"
#define PACKAGE_STRING "quip 1.1.8"
#define PACKAGE_BUGREPORT "dcjones@cs.washington.edu"
#define PACKAGE_URL ""
#define PACKAGE "quip"
#define VERSION "1.1.8"
#define STDC_HEADERS 1
#define HAVE_SYS_TYPES_H 1
#define HAVE_SYS_STAT_H 1
#define HAVE_STDLIB_H 1
#define HAVE_STRING_H 1
#define HAVE_MEMORY_H 1
#define HAVE_STRINGS_H 1
#define HAVE_INTTYPES_H 1
#define HAVE_STDINT_H 1
#define HAVE_UNISTD_H 1
#define HAVE__BOOL 1
#define HAVE_STDBOOL_H 1
#define HAVE_LIBZ 1
#define HAVE_PREFETCH 1
#define _FILE_OFFSET_BITS 64
#define HAVE_VASPRINTF 1
#define HAVE_ASPRINTF 1

configure: exit 0
